[2022-12-21 16:17:46] merlin-logger.DEBUG: Le stade bienvenue a été affiché [] []
[2022-12-21 16:17:55] merlin-logger.DEBUG: L’étape d’installation de l’extension a été affichée [] []
[2022-12-21 16:17:58] merlin-logger.DEBUG: L’étape d’importation du contenu a été affichée [] []
[2022-12-21 16:18:12] merlin-logger.INFO: Le contenu de l’appel AJAX d’importation sera fait avec ces données d’importation {"title":"Contenu","data":"/home/styx/Documents/Projets/OC/Projet_2/wp-content/uploads/2022/12/content-2022-12-21__16-18-11.xml"} []
[2022-12-21 16:18:12] merlin-logger.DEBUG: La publication « Hello world » est définie à l’état de brouillon [] []
[2022-12-21 16:18:12] merlin-logger.INFO: Imported "Health" (category) [] []
[2022-12-21 16:18:12] merlin-logger.DEBUG: Term 2 remapped to 25 [] []
[2022-12-21 16:18:12] merlin-logger.INFO: Imported "Lifestyle" (category) [] []
[2022-12-21 16:18:12] merlin-logger.DEBUG: Term 3 remapped to 26 [] []
[2022-12-21 16:18:12] merlin-logger.INFO: Imported "Trips" (category) [] []
[2022-12-21 16:18:12] merlin-logger.DEBUG: Term 4 remapped to 27 [] []
[2022-12-21 16:18:12] merlin-logger.INFO: Imported "Uncategorized" (category) [] []
[2022-12-21 16:18:12] merlin-logger.DEBUG: Term 1 remapped to 28 [] []
[2022-12-21 16:18:12] merlin-logger.INFO: Imported "adventure" (post_tag) [] []
[2022-12-21 16:18:12] merlin-logger.DEBUG: Term 5 remapped to 29 [] []
[2022-12-21 16:18:12] merlin-logger.INFO: Imported "japan" (post_tag) [] []
[2022-12-21 16:18:12] merlin-logger.DEBUG: Term 6 remapped to 30 [] []
[2022-12-21 16:18:12] merlin-logger.INFO: Imported "trip" (post_tag) [] []
[2022-12-21 16:18:12] merlin-logger.DEBUG: Term 7 remapped to 31 [] []
[2022-12-21 16:18:12] merlin-logger.WARNING: Failed to import product_visibility exclude-from-catalog [] []
[2022-12-21 16:18:12] merlin-logger.DEBUG: Taxonomie non valide. [] []
[2022-12-21 16:18:12] merlin-logger.WARNING: Failed to import product_visibility exclude-from-search [] []
[2022-12-21 16:18:12] merlin-logger.DEBUG: Taxonomie non valide. [] []
[2022-12-21 16:18:12] merlin-logger.WARNING: Failed to import product_type external [] []
[2022-12-21 16:18:12] merlin-logger.DEBUG: Taxonomie non valide. [] []
[2022-12-21 16:18:12] merlin-logger.WARNING: Failed to import product_visibility featured [] []
[2022-12-21 16:18:12] merlin-logger.DEBUG: Taxonomie non valide. [] []
[2022-12-21 16:18:12] merlin-logger.WARNING: Failed to import product_type grouped [] []
[2022-12-21 16:18:12] merlin-logger.DEBUG: Taxonomie non valide. [] []
[2022-12-21 16:18:12] merlin-logger.INFO: Imported "ona" (wp_theme) [] []
[2022-12-21 16:18:12] merlin-logger.DEBUG: Term 10 remapped to 32 [] []
[2022-12-21 16:18:12] merlin-logger.INFO: Imported "ona-theme" (wp_theme) [] []
[2022-12-21 16:18:12] merlin-logger.DEBUG: Term 11 remapped to 33 [] []
[2022-12-21 16:18:12] merlin-logger.WARNING: Failed to import product_visibility outofstock [] []
[2022-12-21 16:18:12] merlin-logger.DEBUG: Taxonomie non valide. [] []
[2022-12-21 16:18:12] merlin-logger.WARNING: Failed to import product_visibility rated-1 [] []
[2022-12-21 16:18:12] merlin-logger.DEBUG: Taxonomie non valide. [] []
[2022-12-21 16:18:12] merlin-logger.WARNING: Failed to import product_visibility rated-2 [] []
[2022-12-21 16:18:12] merlin-logger.DEBUG: Taxonomie non valide. [] []
[2022-12-21 16:18:12] merlin-logger.WARNING: Failed to import product_visibility rated-3 [] []
[2022-12-21 16:18:12] merlin-logger.DEBUG: Taxonomie non valide. [] []
[2022-12-21 16:18:12] merlin-logger.WARNING: Failed to import product_visibility rated-4 [] []
[2022-12-21 16:18:12] merlin-logger.DEBUG: Taxonomie non valide. [] []
[2022-12-21 16:18:12] merlin-logger.WARNING: Failed to import product_visibility rated-5 [] []
[2022-12-21 16:18:12] merlin-logger.DEBUG: Taxonomie non valide. [] []
[2022-12-21 16:18:12] merlin-logger.WARNING: Failed to import product_type simple [] []
[2022-12-21 16:18:12] merlin-logger.DEBUG: Taxonomie non valide. [] []
[2022-12-21 16:18:12] merlin-logger.WARNING: Failed to import product_cat Uncategorized [] []
[2022-12-21 16:18:12] merlin-logger.DEBUG: Taxonomie non valide. [] []
[2022-12-21 16:18:12] merlin-logger.INFO: Imported "uncategorized" (wp_template_part_area) [] []
[2022-12-21 16:18:12] merlin-logger.DEBUG: Term 12 remapped to 34 [] []
[2022-12-21 16:18:12] merlin-logger.WARNING: Failed to import product_type variable [] []
[2022-12-21 16:18:12] merlin-logger.DEBUG: Taxonomie non valide. [] []
[2022-12-21 16:18:14] merlin-logger.INFO: Imported "ona_post_1" (Fichier média) [] []
[2022-12-21 16:18:14] merlin-logger.DEBUG: Post 10 remapped to 210 [] []
[2022-12-21 16:18:14] merlin-logger.INFO: Imported "About" (Page) [] []
[2022-12-21 16:18:14] merlin-logger.DEBUG: Post 13 remapped to 211 [] []
[2022-12-21 16:18:15] merlin-logger.INFO: Imported "ona_promo_box_1" (Fichier média) [] []
[2022-12-21 16:18:15] merlin-logger.DEBUG: Post 46 remapped to 212 [] []
[2022-12-21 16:18:16] merlin-logger.INFO: Imported "ona_promo_box_2" (Fichier média) [] []
[2022-12-21 16:18:16] merlin-logger.DEBUG: Post 48 remapped to 213 [] []
[2022-12-21 16:18:17] merlin-logger.INFO: Imported "ona_promo_box_3" (Fichier média) [] []
[2022-12-21 16:18:17] merlin-logger.DEBUG: Post 49 remapped to 214 [] []
[2022-12-21 16:18:18] merlin-logger.INFO: Imported "ona_promo_box_4" (Fichier média) [] []
[2022-12-21 16:18:18] merlin-logger.DEBUG: Post 50 remapped to 215 [] []
[2022-12-21 16:18:19] merlin-logger.INFO: Imported "ona_post_2" (Fichier média) [] []
[2022-12-21 16:18:19] merlin-logger.DEBUG: Post 74 remapped to 74 [] []
[2022-12-21 16:18:20] merlin-logger.INFO: Imported "ona_promo" (Fichier média) [] []
[2022-12-21 16:18:20] merlin-logger.DEBUG: Post 92 remapped to 216 [] []
[2022-12-21 16:18:21] merlin-logger.INFO: Imported "ona_signature" (Fichier média) [] []
[2022-12-21 16:18:21] merlin-logger.DEBUG: Post 97 remapped to 217 [] []
[2022-12-21 16:18:23] merlin-logger.INFO: Imported "ona_post_3" (Fichier média) [] []
[2022-12-21 16:18:23] merlin-logger.DEBUG: Post 105 remapped to 218 [] []
[2022-12-21 16:18:24] merlin-logger.INFO: Imported "ona_post_1" (Fichier média) [] []
[2022-12-21 16:18:24] merlin-logger.DEBUG: Post 110 remapped to 110 [] []
[2022-12-21 16:18:25] merlin-logger.INFO: Imported "ona_follow" (Fichier média) [] []
[2022-12-21 16:18:25] merlin-logger.DEBUG: Post 125 remapped to 219 [] []
[2022-12-21 16:18:26] merlin-logger.INFO: Imported "ona_post_4" (Fichier média) [] []
[2022-12-21 16:18:26] merlin-logger.DEBUG: Post 144 remapped to 220 [] []
[2022-12-21 16:18:28] merlin-logger.INFO: Imported "ona_post_5" (Fichier média) [] []
[2022-12-21 16:18:28] merlin-logger.DEBUG: Post 152 remapped to 221 [] []
[2022-12-21 16:18:29] merlin-logger.INFO: Imported "ona_post_6" (Fichier média) [] []
[2022-12-21 16:18:29] merlin-logger.DEBUG: Post 156 remapped to 222 [] []
[2022-12-21 16:18:30] merlin-logger.INFO: Imported "ona_about_hero" (Fichier média) [] []
[2022-12-21 16:18:30] merlin-logger.DEBUG: Post 220 remapped to 223 [] []
[2022-12-21 16:18:31] merlin-logger.INFO: Imported "ona_about_page_title_signature" (Fichier média) [] []
[2022-12-21 16:18:31] merlin-logger.DEBUG: Post 223 remapped to 224 [] []
[2022-12-21 16:18:33] merlin-logger.INFO: Imported "ona_contact_background" (Fichier média) [] []
[2022-12-21 16:18:33] merlin-logger.DEBUG: Post 254 remapped to 254 [] []
[2022-12-21 16:18:33] merlin-logger.INFO: New AJAX call! [] []
[2022-12-21 16:18:33] merlin-logger.INFO: Le contenu de l’appel AJAX d’importation sera fait avec ces données d’importation {"title":"Contenu","data":"/home/styx/Documents/Projets/OC/Projet_2/wp-content/uploads/2022/12/content-2022-12-21__16-18-11.xml"} []
[2022-12-21 16:18:33] merlin-logger.DEBUG: La publication « Hello world » est définie à l’état de brouillon [] []
[2022-12-21 16:18:33] merlin-logger.WARNING: Failed to import product_visibility exclude-from-catalog [] []
[2022-12-21 16:18:33] merlin-logger.DEBUG: Taxonomie non valide. [] []
[2022-12-21 16:18:33] merlin-logger.WARNING: Failed to import product_visibility exclude-from-search [] []
[2022-12-21 16:18:33] merlin-logger.DEBUG: Taxonomie non valide. [] []
[2022-12-21 16:18:33] merlin-logger.WARNING: Failed to import product_type external [] []
[2022-12-21 16:18:33] merlin-logger.DEBUG: Taxonomie non valide. [] []
[2022-12-21 16:18:33] merlin-logger.WARNING: Failed to import product_visibility featured [] []
[2022-12-21 16:18:33] merlin-logger.DEBUG: Taxonomie non valide. [] []
[2022-12-21 16:18:33] merlin-logger.WARNING: Failed to import product_type grouped [] []
[2022-12-21 16:18:33] merlin-logger.DEBUG: Taxonomie non valide. [] []
[2022-12-21 16:18:33] merlin-logger.WARNING: Failed to import product_visibility outofstock [] []
[2022-12-21 16:18:33] merlin-logger.DEBUG: Taxonomie non valide. [] []
[2022-12-21 16:18:33] merlin-logger.WARNING: Failed to import product_visibility rated-1 [] []
[2022-12-21 16:18:33] merlin-logger.DEBUG: Taxonomie non valide. [] []
[2022-12-21 16:18:33] merlin-logger.WARNING: Failed to import product_visibility rated-2 [] []
[2022-12-21 16:18:33] merlin-logger.DEBUG: Taxonomie non valide. [] []
[2022-12-21 16:18:33] merlin-logger.WARNING: Failed to import product_visibility rated-3 [] []
[2022-12-21 16:18:33] merlin-logger.DEBUG: Taxonomie non valide. [] []
[2022-12-21 16:18:33] merlin-logger.WARNING: Failed to import product_visibility rated-4 [] []
[2022-12-21 16:18:33] merlin-logger.DEBUG: Taxonomie non valide. [] []
[2022-12-21 16:18:33] merlin-logger.WARNING: Failed to import product_visibility rated-5 [] []
[2022-12-21 16:18:33] merlin-logger.DEBUG: Taxonomie non valide. [] []
[2022-12-21 16:18:33] merlin-logger.WARNING: Failed to import product_type simple [] []
[2022-12-21 16:18:33] merlin-logger.DEBUG: Taxonomie non valide. [] []
[2022-12-21 16:18:33] merlin-logger.WARNING: Failed to import product_cat Uncategorized [] []
[2022-12-21 16:18:33] merlin-logger.DEBUG: Taxonomie non valide. [] []
[2022-12-21 16:18:33] merlin-logger.WARNING: Failed to import product_type variable [] []
[2022-12-21 16:18:33] merlin-logger.DEBUG: Taxonomie non valide. [] []
[2022-12-21 16:18:34] merlin-logger.INFO: Imported "ona_contact_signature" (Fichier média) [] []
[2022-12-21 16:18:34] merlin-logger.DEBUG: Post 259 remapped to 259 [] []
[2022-12-21 16:18:35] merlin-logger.INFO: Imported "woocommerce-placeholder" (Fichier média) [] []
[2022-12-21 16:18:35] merlin-logger.DEBUG: Post 395 remapped to 395 [] []
[2022-12-21 16:18:35] merlin-logger.INFO: Imported "Contact" (Page) [] []
[2022-12-21 16:18:35] merlin-logger.DEBUG: Post 15 remapped to 396 [] []
[2022-12-21 16:18:35] merlin-logger.INFO: Imported "Japan Itinerary for First-Time Visitors: 4 to 21 Days or More" (Article) [] []
[2022-12-21 16:18:35] merlin-logger.DEBUG: Post 73 remapped to 397 [] []
[2022-12-21 16:18:35] merlin-logger.INFO: Imported "Date Ideas &amp; Activities for Couples To Keep Connected" (Article) [] []
[2022-12-21 16:18:35] merlin-logger.DEBUG: Post 103 remapped to 398 [] []
[2022-12-21 16:18:35] merlin-logger.INFO: Imported "Top 7 Most Beautiful Living and Minimal Stays In The World" (Article) [] []
[2022-12-21 16:18:35] merlin-logger.DEBUG: Post 143 remapped to 399 [] []
[2022-12-21 16:18:35] merlin-logger.INFO: Imported "Eat Less, Live Longer? The Science Of Fasting And Longevity" (Article) [] []
[2022-12-21 16:18:35] merlin-logger.DEBUG: Post 151 remapped to 400 [] []
[2022-12-21 16:18:36] merlin-logger.INFO: Imported "Fluffy Gluten-Free Chocolatecakes for Breakfast" (Article) [] []
[2022-12-21 16:18:36] merlin-logger.DEBUG: Post 155 remapped to 401 [] []
[2022-12-21 16:18:36] merlin-logger.INFO: Imported "Single Post" (Modèle) [] []
[2022-12-21 16:18:36] merlin-logger.DEBUG: Post 158 remapped to 402 [] []
[2022-12-21 16:18:36] merlin-logger.INFO: Imported "Archive" (Modèle) [] []
[2022-12-21 16:18:36] merlin-logger.DEBUG: Post 207 remapped to 403 [] []
[2022-12-21 16:18:36] merlin-logger.INFO: Imported "page-about" (Modèle) [] []
[2022-12-21 16:18:36] merlin-logger.DEBUG: Post 221 remapped to 404 [] []
[2022-12-21 16:18:36] merlin-logger.INFO: Imported "page-contact" (Modèle) [] []
[2022-12-21 16:18:36] merlin-logger.DEBUG: Post 255 remapped to 255 [] []
[2022-12-21 16:18:36] merlin-logger.INFO: Imported "Custom Styles" (Styles globaux) [] []
[2022-12-21 16:18:36] merlin-logger.DEBUG: Post 261 remapped to 261 [] []
[2022-12-21 16:18:36] merlin-logger.INFO: Imported "The Gut, Food &amp; Mood Connection research has emerged a new field" (Article) [] []
[2022-12-21 16:18:36] merlin-logger.DEBUG: Post 262 remapped to 262 [] []
[2022-12-21 16:18:36] merlin-logger.INFO: Imported "Custom Styles" (Styles globaux) [] []
[2022-12-21 16:18:36] merlin-logger.DEBUG: Post 321 remapped to 321 [] []
[2022-12-21 16:18:36] merlin-logger.INFO: Imported "Header navigation" (Menu de navigation) [] []
[2022-12-21 16:18:36] merlin-logger.DEBUG: Post 359 remapped to 359 [] []
[2022-12-21 16:18:36] merlin-logger.INFO: Imported "Header navigation 2" (Menu de navigation) [] []
[2022-12-21 16:18:36] merlin-logger.DEBUG: Post 360 remapped to 360 [] []
[2022-12-21 16:18:36] merlin-logger.INFO: Imported "Footer navigation" (Menu de navigation) [] []
[2022-12-21 16:18:36] merlin-logger.DEBUG: Post 363 remapped to 363 [] []
[2022-12-21 16:18:36] merlin-logger.INFO: Imported "Shop" (Page) [] []
[2022-12-21 16:18:36] merlin-logger.DEBUG: Post 396 remapped to 405 [] []
[2022-12-21 16:18:36] merlin-logger.INFO: Imported "Cart" (Page) [] []
[2022-12-21 16:18:36] merlin-logger.DEBUG: Post 397 remapped to 406 [] []
[2022-12-21 16:18:36] merlin-logger.INFO: Imported "Checkout" (Page) [] []
[2022-12-21 16:18:36] merlin-logger.DEBUG: Post 398 remapped to 407 [] []
[2022-12-21 16:18:36] merlin-logger.INFO: Imported "My account" (Page) [] []
[2022-12-21 16:18:36] merlin-logger.DEBUG: Post 399 remapped to 408 [] []
[2022-12-21 16:18:36] merlin-logger.INFO: Imported "404" (Modèle) [] []
[2022-12-21 16:18:36] merlin-logger.DEBUG: Post 288 remapped to 288 [] []
[2022-12-21 16:18:36] merlin-logger.INFO: Imported "Front Page" (Modèle) [] []
[2022-12-21 16:18:36] merlin-logger.DEBUG: Post 343 remapped to 343 [] []
[2022-12-21 16:18:36] merlin-logger.INFO: Imported "header" (Élément de modèle) [] []
[2022-12-21 16:18:36] merlin-logger.DEBUG: Post 358 remapped to 358 [] []
[2022-12-21 16:18:36] merlin-logger.INFO: Imported "footer" (Élément de modèle) [] []
[2022-12-21 16:18:36] merlin-logger.DEBUG: Post 364 remapped to 364 [] []
[2022-12-21 16:18:36] merlin-logger.DEBUG: Running post-processing for post 210 [] []
[2022-12-21 16:18:36] merlin-logger.WARNING: Could not find the author for "ona_post_1" (post #210) [] []
[2022-12-21 16:18:36] merlin-logger.DEBUG: Post 210 was imported with author "Styx", but could not be found [] []
[2022-12-21 16:18:36] merlin-logger.DEBUG: Running post-processing for post 211 [] []
[2022-12-21 16:18:36] merlin-logger.WARNING: Could not find the author for "About" (post #211) [] []
[2022-12-21 16:18:36] merlin-logger.DEBUG: Post 211 was imported with author "Styx", but could not be found [] []
[2022-12-21 16:18:36] merlin-logger.DEBUG: Post 211 was marked for post-processing, but none was required. [] []
[2022-12-21 16:18:36] merlin-logger.DEBUG: Running post-processing for post 212 [] []
[2022-12-21 16:18:36] merlin-logger.WARNING: Could not find the author for "ona_promo_box_1" (post #212) [] []
[2022-12-21 16:18:36] merlin-logger.DEBUG: Post 212 was imported with author "Styx", but could not be found [] []
[2022-12-21 16:18:36] merlin-logger.DEBUG: Post 212 was marked for post-processing, but none was required. [] []
[2022-12-21 16:18:36] merlin-logger.DEBUG: Running post-processing for post 213 [] []
[2022-12-21 16:18:36] merlin-logger.WARNING: Could not find the author for "ona_promo_box_2" (post #213) [] []
[2022-12-21 16:18:36] merlin-logger.DEBUG: Post 213 was imported with author "Styx", but could not be found [] []
[2022-12-21 16:18:36] merlin-logger.DEBUG: Post 213 was marked for post-processing, but none was required. [] []
[2022-12-21 16:18:36] merlin-logger.DEBUG: Running post-processing for post 214 [] []
[2022-12-21 16:18:36] merlin-logger.WARNING: Could not find the author for "ona_promo_box_3" (post #214) [] []
[2022-12-21 16:18:36] merlin-logger.DEBUG: Post 214 was imported with author "Styx", but could not be found [] []
[2022-12-21 16:18:36] merlin-logger.DEBUG: Post 214 was marked for post-processing, but none was required. [] []
[2022-12-21 16:18:36] merlin-logger.DEBUG: Running post-processing for post 215 [] []
[2022-12-21 16:18:36] merlin-logger.WARNING: Could not find the author for "ona_promo_box_4" (post #215) [] []
[2022-12-21 16:18:36] merlin-logger.DEBUG: Post 215 was imported with author "Styx", but could not be found [] []
[2022-12-21 16:18:36] merlin-logger.DEBUG: Post 215 was marked for post-processing, but none was required. [] []
[2022-12-21 16:18:36] merlin-logger.DEBUG: Running post-processing for post 74 [] []
[2022-12-21 16:18:36] merlin-logger.WARNING: Could not find the author for "ona_post_2" (post #74) [] []
[2022-12-21 16:18:36] merlin-logger.DEBUG: Post 74 was imported with author "Styx", but could not be found [] []
[2022-12-21 16:18:36] merlin-logger.DEBUG: Running post-processing for post 216 [] []
[2022-12-21 16:18:36] merlin-logger.WARNING: Could not find the author for "ona_promo" (post #216) [] []
[2022-12-21 16:18:36] merlin-logger.DEBUG: Post 216 was imported with author "Styx", but could not be found [] []
[2022-12-21 16:18:36] merlin-logger.DEBUG: Post 216 was marked for post-processing, but none was required. [] []
[2022-12-21 16:18:36] merlin-logger.DEBUG: Running post-processing for post 217 [] []
[2022-12-21 16:18:36] merlin-logger.WARNING: Could not find the author for "ona_signature" (post #217) [] []
[2022-12-21 16:18:36] merlin-logger.DEBUG: Post 217 was imported with author "Styx", but could not be found [] []
[2022-12-21 16:18:36] merlin-logger.DEBUG: Post 217 was marked for post-processing, but none was required. [] []
[2022-12-21 16:18:36] merlin-logger.DEBUG: Running post-processing for post 218 [] []
[2022-12-21 16:18:36] merlin-logger.WARNING: Could not find the author for "ona_post_3" (post #218) [] []
[2022-12-21 16:18:36] merlin-logger.DEBUG: Post 218 was imported with author "Styx", but could not be found [] []
[2022-12-21 16:18:36] merlin-logger.DEBUG: Running post-processing for post 110 [] []
[2022-12-21 16:18:36] merlin-logger.WARNING: Could not find the author for "ona_post_1" (post #110) [] []
[2022-12-21 16:18:36] merlin-logger.DEBUG: Post 110 was imported with author "Styx", but could not be found [] []
[2022-12-21 16:18:36] merlin-logger.DEBUG: Running post-processing for post 219 [] []
[2022-12-21 16:18:36] merlin-logger.WARNING: Could not find the author for "ona_follow" (post #219) [] []
[2022-12-21 16:18:36] merlin-logger.DEBUG: Post 219 was imported with author "Styx", but could not be found [] []
[2022-12-21 16:18:36] merlin-logger.DEBUG: Post 219 was marked for post-processing, but none was required. [] []
[2022-12-21 16:18:36] merlin-logger.DEBUG: Running post-processing for post 220 [] []
[2022-12-21 16:18:36] merlin-logger.WARNING: Could not find the author for "ona_post_4" (post #220) [] []
[2022-12-21 16:18:36] merlin-logger.DEBUG: Post 220 was imported with author "Styx", but could not be found [] []
[2022-12-21 16:18:36] merlin-logger.DEBUG: Running post-processing for post 221 [] []
[2022-12-21 16:18:36] merlin-logger.WARNING: Could not find the author for "ona_post_5" (post #221) [] []
[2022-12-21 16:18:36] merlin-logger.DEBUG: Post 221 was imported with author "Styx", but could not be found [] []
[2022-12-21 16:18:36] merlin-logger.DEBUG: Running post-processing for post 222 [] []
[2022-12-21 16:18:36] merlin-logger.WARNING: Could not find the author for "ona_post_6" (post #222) [] []
[2022-12-21 16:18:36] merlin-logger.DEBUG: Post 222 was imported with author "Styx", but could not be found [] []
[2022-12-21 16:18:36] merlin-logger.DEBUG: Running post-processing for post 223 [] []
[2022-12-21 16:18:36] merlin-logger.WARNING: Could not find the author for "ona_about_hero" (post #223) [] []
[2022-12-21 16:18:36] merlin-logger.DEBUG: Post 223 was imported with author "Styx", but could not be found [] []
[2022-12-21 16:18:36] merlin-logger.DEBUG: Post 223 was marked for post-processing, but none was required. [] []
[2022-12-21 16:18:36] merlin-logger.DEBUG: Running post-processing for post 224 [] []
[2022-12-21 16:18:36] merlin-logger.WARNING: Could not find the author for "ona_about_page_title_signature" (post #224) [] []
[2022-12-21 16:18:36] merlin-logger.DEBUG: Post 224 was imported with author "Styx", but could not be found [] []
[2022-12-21 16:18:36] merlin-logger.DEBUG: Post 224 was marked for post-processing, but none was required. [] []
[2022-12-21 16:18:36] merlin-logger.DEBUG: Running post-processing for post 254 [] []
[2022-12-21 16:18:36] merlin-logger.WARNING: Could not find the author for "ona_contact_background" (post #254) [] []
[2022-12-21 16:18:36] merlin-logger.DEBUG: Post 254 was imported with author "Styx", but could not be found [] []
[2022-12-21 16:18:36] merlin-logger.DEBUG: Post 254 was marked for post-processing, but none was required. [] []
[2022-12-21 16:18:36] merlin-logger.DEBUG: Running post-processing for post 259 [] []
[2022-12-21 16:18:36] merlin-logger.WARNING: Could not find the author for "ona_contact_signature" (post #259) [] []
[2022-12-21 16:18:36] merlin-logger.DEBUG: Post 259 was imported with author "Styx", but could not be found [] []
[2022-12-21 16:18:36] merlin-logger.DEBUG: Post 259 was marked for post-processing, but none was required. [] []
[2022-12-21 16:18:36] merlin-logger.DEBUG: Running post-processing for post 395 [] []
[2022-12-21 16:18:36] merlin-logger.WARNING: Could not find the author for "woocommerce-placeholder" (post #395) [] []
[2022-12-21 16:18:36] merlin-logger.DEBUG: Post 395 was imported with author "Styx", but could not be found [] []
[2022-12-21 16:18:36] merlin-logger.DEBUG: Post 395 was marked for post-processing, but none was required. [] []
[2022-12-21 16:18:36] merlin-logger.DEBUG: Running post-processing for post 396 [] []
[2022-12-21 16:18:36] merlin-logger.WARNING: Could not find the author for "Contact" (post #396) [] []
[2022-12-21 16:18:36] merlin-logger.DEBUG: Post 396 was imported with author "Styx", but could not be found [] []
[2022-12-21 16:18:36] merlin-logger.DEBUG: Post 396 was marked for post-processing, but none was required. [] []
[2022-12-21 16:18:36] merlin-logger.DEBUG: Running post-processing for post 397 [] []
[2022-12-21 16:18:36] merlin-logger.WARNING: Could not find the author for "Japan Itinerary for First-Time Visitors: 4 to 21 Days or More" (post #397) [] []
[2022-12-21 16:18:36] merlin-logger.DEBUG: Post 397 was imported with author "Styx", but could not be found [] []
[2022-12-21 16:18:36] merlin-logger.DEBUG: Running post-processing for post 398 [] []
[2022-12-21 16:18:36] merlin-logger.WARNING: Could not find the author for "Date Ideas &amp; Activities for Couples To Keep Connected" (post #398) [] []
[2022-12-21 16:18:36] merlin-logger.DEBUG: Post 398 was imported with author "Styx", but could not be found [] []
[2022-12-21 16:18:36] merlin-logger.DEBUG: Running post-processing for post 399 [] []
[2022-12-21 16:18:36] merlin-logger.WARNING: Could not find the author for "Top 7 Most Beautiful Living and Minimal Stays In The World" (post #399) [] []
[2022-12-21 16:18:36] merlin-logger.DEBUG: Post 399 was imported with author "Styx", but could not be found [] []
[2022-12-21 16:18:36] merlin-logger.DEBUG: Running post-processing for post 400 [] []
[2022-12-21 16:18:36] merlin-logger.WARNING: Could not find the author for "Eat Less, Live Longer? The Science Of Fasting And Longevity" (post #400) [] []
[2022-12-21 16:18:36] merlin-logger.DEBUG: Post 400 was imported with author "Styx", but could not be found [] []
[2022-12-21 16:18:36] merlin-logger.DEBUG: Running post-processing for post 401 [] []
[2022-12-21 16:18:36] merlin-logger.WARNING: Could not find the author for "Fluffy Gluten-Free Chocolatecakes for Breakfast" (post #401) [] []
[2022-12-21 16:18:36] merlin-logger.DEBUG: Post 401 was imported with author "Styx", but could not be found [] []
[2022-12-21 16:18:36] merlin-logger.DEBUG: Running post-processing for post 402 [] []
[2022-12-21 16:18:36] merlin-logger.WARNING: Could not find the author for "Single Post" (post #402) [] []
[2022-12-21 16:18:36] merlin-logger.DEBUG: Post 402 was imported with author "Styx", but could not be found [] []
[2022-12-21 16:18:36] merlin-logger.DEBUG: Post 402 was marked for post-processing, but none was required. [] []
[2022-12-21 16:18:36] merlin-logger.DEBUG: Running post-processing for post 403 [] []
[2022-12-21 16:18:36] merlin-logger.WARNING: Could not find the author for "Archive" (post #403) [] []
[2022-12-21 16:18:36] merlin-logger.DEBUG: Post 403 was imported with author "Styx", but could not be found [] []
[2022-12-21 16:18:36] merlin-logger.DEBUG: Post 403 was marked for post-processing, but none was required. [] []
[2022-12-21 16:18:36] merlin-logger.DEBUG: Running post-processing for post 404 [] []
[2022-12-21 16:18:36] merlin-logger.WARNING: Could not find the author for "page-about" (post #404) [] []
[2022-12-21 16:18:36] merlin-logger.DEBUG: Post 404 was imported with author "Styx", but could not be found [] []
[2022-12-21 16:18:36] merlin-logger.DEBUG: Running post-processing for post 255 [] []
[2022-12-21 16:18:36] merlin-logger.WARNING: Could not find the author for "page-contact" (post #255) [] []
[2022-12-21 16:18:36] merlin-logger.DEBUG: Post 255 was imported with author "Styx", but could not be found [] []
[2022-12-21 16:18:36] merlin-logger.DEBUG: Running post-processing for post 261 [] []
[2022-12-21 16:18:36] merlin-logger.WARNING: Could not find the author for "Custom Styles" (post #261) [] []
[2022-12-21 16:18:36] merlin-logger.DEBUG: Post 261 was imported with author "Styx", but could not be found [] []
[2022-12-21 16:18:36] merlin-logger.DEBUG: Post 261 was marked for post-processing, but none was required. [] []
[2022-12-21 16:18:36] merlin-logger.DEBUG: Running post-processing for post 262 [] []
[2022-12-21 16:18:36] merlin-logger.WARNING: Could not find the author for "The Gut, Food &amp; Mood Connection research has emerged a new field" (post #262) [] []
[2022-12-21 16:18:36] merlin-logger.DEBUG: Post 262 was imported with author "Styx", but could not be found [] []
[2022-12-21 16:18:36] merlin-logger.DEBUG: Running post-processing for post 321 [] []
[2022-12-21 16:18:36] merlin-logger.WARNING: Could not find the author for "Custom Styles" (post #321) [] []
[2022-12-21 16:18:36] merlin-logger.DEBUG: Post 321 was imported with author "Styx", but could not be found [] []
[2022-12-21 16:18:36] merlin-logger.DEBUG: Post 321 was marked for post-processing, but none was required. [] []
[2022-12-21 16:18:36] merlin-logger.DEBUG: Running post-processing for post 359 [] []
[2022-12-21 16:18:36] merlin-logger.WARNING: Could not find the author for "Header navigation" (post #359) [] []
[2022-12-21 16:18:36] merlin-logger.DEBUG: Post 359 was imported with author "Styx", but could not be found [] []
[2022-12-21 16:18:36] merlin-logger.DEBUG: Post 359 was marked for post-processing, but none was required. [] []
[2022-12-21 16:18:36] merlin-logger.DEBUG: Running post-processing for post 360 [] []
[2022-12-21 16:18:36] merlin-logger.WARNING: Could not find the author for "Header navigation 2" (post #360) [] []
[2022-12-21 16:18:36] merlin-logger.DEBUG: Post 360 was imported with author "Styx", but could not be found [] []
[2022-12-21 16:18:36] merlin-logger.DEBUG: Post 360 was marked for post-processing, but none was required. [] []
[2022-12-21 16:18:36] merlin-logger.DEBUG: Running post-processing for post 363 [] []
[2022-12-21 16:18:36] merlin-logger.WARNING: Could not find the author for "Footer navigation" (post #363) [] []
[2022-12-21 16:18:36] merlin-logger.DEBUG: Post 363 was imported with author "Styx", but could not be found [] []
[2022-12-21 16:18:36] merlin-logger.DEBUG: Post 363 was marked for post-processing, but none was required. [] []
[2022-12-21 16:18:36] merlin-logger.DEBUG: Running post-processing for post 405 [] []
[2022-12-21 16:18:36] merlin-logger.WARNING: Could not find the author for "Shop" (post #405) [] []
[2022-12-21 16:18:36] merlin-logger.DEBUG: Post 405 was imported with author "Styx", but could not be found [] []
[2022-12-21 16:18:36] merlin-logger.DEBUG: Post 405 was marked for post-processing, but none was required. [] []
[2022-12-21 16:18:36] merlin-logger.DEBUG: Running post-processing for post 406 [] []
[2022-12-21 16:18:36] merlin-logger.WARNING: Could not find the author for "Cart" (post #406) [] []
[2022-12-21 16:18:36] merlin-logger.DEBUG: Post 406 was imported with author "Styx", but could not be found [] []
[2022-12-21 16:18:36] merlin-logger.DEBUG: Post 406 was marked for post-processing, but none was required. [] []
[2022-12-21 16:18:36] merlin-logger.DEBUG: Running post-processing for post 407 [] []
[2022-12-21 16:18:36] merlin-logger.WARNING: Could not find the author for "Checkout" (post #407) [] []
[2022-12-21 16:18:36] merlin-logger.DEBUG: Post 407 was imported with author "Styx", but could not be found [] []
[2022-12-21 16:18:36] merlin-logger.DEBUG: Post 407 was marked for post-processing, but none was required. [] []
[2022-12-21 16:18:36] merlin-logger.DEBUG: Running post-processing for post 408 [] []
[2022-12-21 16:18:36] merlin-logger.WARNING: Could not find the author for "My account" (post #408) [] []
[2022-12-21 16:18:36] merlin-logger.DEBUG: Post 408 was imported with author "Styx", but could not be found [] []
[2022-12-21 16:18:36] merlin-logger.DEBUG: Post 408 was marked for post-processing, but none was required. [] []
[2022-12-21 16:18:36] merlin-logger.DEBUG: Running post-processing for post 288 [] []
[2022-12-21 16:18:36] merlin-logger.WARNING: Could not find the author for "404" (post #288) [] []
[2022-12-21 16:18:36] merlin-logger.DEBUG: Post 288 was imported with author "Styx", but could not be found [] []
[2022-12-21 16:18:36] merlin-logger.DEBUG: Post 288 was marked for post-processing, but none was required. [] []
[2022-12-21 16:18:36] merlin-logger.DEBUG: Running post-processing for post 343 [] []
[2022-12-21 16:18:36] merlin-logger.WARNING: Could not find the author for "Front Page" (post #343) [] []
[2022-12-21 16:18:36] merlin-logger.DEBUG: Post 343 was imported with author "Styx", but could not be found [] []
[2022-12-21 16:18:36] merlin-logger.DEBUG: Post 343 was marked for post-processing, but none was required. [] []
[2022-12-21 16:18:36] merlin-logger.DEBUG: Running post-processing for post 358 [] []
[2022-12-21 16:18:36] merlin-logger.WARNING: Could not find the author for "header" (post #358) [] []
[2022-12-21 16:18:36] merlin-logger.DEBUG: Post 358 was imported with author "Styx", but could not be found [] []
[2022-12-21 16:18:36] merlin-logger.DEBUG: Post 358 was marked for post-processing, but none was required. [] []
[2022-12-21 16:18:36] merlin-logger.DEBUG: Running post-processing for post 364 [] []
[2022-12-21 16:18:36] merlin-logger.WARNING: Could not find the author for "footer" (post #364) [] []
[2022-12-21 16:18:36] merlin-logger.DEBUG: Post 364 was imported with author "Styx", but could not be found [] []
[2022-12-21 16:18:36] merlin-logger.DEBUG: Post 364 was marked for post-processing, but none was required. [] []
[2022-12-21 16:18:36] merlin-logger.INFO: Starting remapping of featured images [] []
[2022-12-21 16:18:36] merlin-logger.INFO: Remapping featured image ID 105 to new ID 218 for post ID 211 [] []
[2022-12-21 16:18:36] merlin-logger.INFO: Remapping featured image ID 105 to new ID 218 for post ID 398 [] []
[2022-12-21 16:18:36] merlin-logger.INFO: Remapping featured image ID 144 to new ID 220 for post ID 399 [] []
[2022-12-21 16:18:36] merlin-logger.INFO: Remapping featured image ID 152 to new ID 221 for post ID 400 [] []
[2022-12-21 16:18:36] merlin-logger.INFO: Remapping featured image ID 156 to new ID 222 for post ID 401 [] []
[2022-12-21 16:19:07] merlin-logger.INFO: Le contenu de l’appel AJAX d’importation sera fait avec ces données d’importation {"title":"Configuration après importation","data":0} []
[2022-12-21 16:19:12] merlin-logger.DEBUG: L’étape finale a été affichée [] []
[2022-12-21 16:32:12] merlin-logger.DEBUG: Le stade bienvenue a été affiché [] []
[2022-12-22 14:49:15] merlin-logger.DEBUG: Le stade bienvenue a été affiché [] []
[2022-12-22 16:30:15] merlin-logger.DEBUG: Le stade bienvenue a été affiché [] []
[2022-12-22 16:30:16] merlin-logger.DEBUG: L’étape d’installation de l’extension a été affichée [] []
[2022-12-22 16:30:17] merlin-logger.DEBUG: Une extension avec les données suivantes sera mis en place {"plugin_slug":"mailchimp-for-wp","message":"Installation"} []
[2022-12-22 16:30:20] merlin-logger.DEBUG: Une extension avec les données suivantes a été mis en place {"plugin_slug":"mailchimp-for-wp"} []
[2022-12-22 16:30:21] merlin-logger.DEBUG: L’étape d’importation du contenu a été affichée [] []
[2022-12-22 16:30:28] merlin-logger.DEBUG: L’étape finale a été affichée [] []
